2024-10-15 17:30:03,539 - INFO - 用户登录测试用例开始：
2024-10-15 17:30:03,539 - INFO - [UserLoginObj]: 正在获取初始化driver对象:<selenium.webdriver.chrome.webdriver.WebDriver (session="ed9ad96b10341182deb7b115987b6389")>
2024-10-15 17:30:03,541 - DEBUG - 正在定位 ('name', 'user') 对象
2024-10-15 17:30:03,582 - DEBUG - 正在定位 ('name', 'user') 对象
2024-10-15 17:30:03,624 - DEBUG - 输入用户名： admin
2024-10-15 17:30:03,625 - DEBUG - 正在定位 ('name', 'pwd') 对象
2024-10-15 17:30:03,648 - DEBUG - 正在定位 ('name', 'pwd') 对象
2024-10-15 17:30:03,683 - DEBUG - 输入用户密码： 123456
2024-10-15 17:30:03,684 - DEBUG - 正在定位 ('xpath', '//div/button[@class="btn btn-primary btn-block btn-flat"]') 对象
2024-10-15 17:30:03,724 - DEBUG - 点击登录按钮
2024-10-15 17:30:04,239 - INFO - 用户登录测试用例结束！
2024-10-15 17:30:04,241 - DEBUG - 正在定位 ('name', 'user') 对象
2024-10-15 17:30:04,265 - DEBUG - 正在定位 ('name', 'user') 对象
2024-10-15 17:30:04,304 - DEBUG - 输入用户名： admin123
2024-10-15 17:30:04,304 - DEBUG - 正在定位 ('name', 'pwd') 对象
2024-10-15 17:30:04,329 - DEBUG - 正在定位 ('name', 'pwd') 对象
2024-10-15 17:30:04,365 - DEBUG - 输入用户密码： 123456
2024-10-15 17:30:04,366 - DEBUG - 正在定位 ('xpath', '//div/button[@class="btn btn-primary btn-block btn-flat"]') 对象
2024-10-15 17:30:04,391 - DEBUG - 点击登录按钮
2024-10-15 17:30:04,903 - INFO - 用户登录测试用例结束！
2024-10-15 17:30:04,905 - DEBUG - 正在定位 ('name', 'user') 对象
2024-10-15 17:30:04,930 - DEBUG - 正在定位 ('name', 'user') 对象
2024-10-15 17:30:04,968 - DEBUG - 输入用户名： admin
2024-10-15 17:30:04,968 - DEBUG - 正在定位 ('name', 'pwd') 对象
2024-10-15 17:30:04,992 - DEBUG - 正在定位 ('name', 'pwd') 对象
2024-10-15 17:30:05,032 - DEBUG - 输入用户密码： admin123
2024-10-15 17:30:05,033 - DEBUG - 正在定位 ('xpath', '//div/button[@class="btn btn-primary btn-block btn-flat"]') 对象
2024-10-15 17:30:05,060 - DEBUG - 点击登录按钮
2024-10-15 17:30:05,583 - INFO - 用户登录测试用例结束！
